Flutter crash report.
Please report a bug at https://github.com/flutter/flutter/issues.

## command

flutter --no-color run --machine --track-widget-creation --device-id=30e337b --start-paused --dart-define=flutter.inspector.structuredErrors=true lib\main.dart

## exception

_CastError: Null check operator used on a null value

```
#0      describeLocale (package:flutter_tools/src/localizations/localizations_utils.dart:219:49)
#1      LocalizationsGenerator._generateBaseClassFile (package:flutter_tools/src/localizations/gen_l10n.dart:1113:34)
#2      LocalizationsGenerator._generateCode (package:flutter_tools/src/localizations/gen_l10n.dart:1200:46)
#3      LocalizationsGenerator.writeOutputFiles (package:flutter_tools/src/localizations/gen_l10n.dart:1275:47)
#4      generateLocalizations (package:flutter_tools/src/localizations/gen_l10n.dart:69:9)
#5      GenerateLocalizationsTarget.build (package:flutter_tools/src/build_system/targets/localizations.dart:56:5)
#6      _BuildInstance._invokeInternal (package:flutter_tools/src/build_system/build_system.dart:839:27)
<asynchronous suspension>
#7      FlutterBuildSystem.build (package:flutter_tools/src/build_system/build_system.dart:606:16)
<asynchronous suspension>
#8      generateLocalizationsSyntheticPackage (package:flutter_tools/src/dart/generate_synthetic_packages.dart:58:30)
<asynchronous suspension>
#9      FlutterCommand.verifyThenRunCommand (package:flutter_tools/src/runner/flutter_command.dart:1266:7)
<asynchronous suspension>
#10     FlutterCommand.run.<anonymous closure> (package:flutter_tools/src/runner/flutter_command.dart:1140:27)
<asynchronous suspension>
#11     AppContext.run.<anonymous closure> (package:flutter_tools/src/base/context.dart:150:19)
<asynchronous suspension>
#12     CommandRunner.runCommand (package:args/command_runner.dart:209:13)
<asynchronous suspension>
#13     FlutterCommandRunner.runCommand.<anonymous closure> (package:flutter_tools/src/runner/flutter_command_runner.dart:288:9)
<asynchronous suspension>
#14     AppContext.run.<anonymous closure> (package:flutter_tools/src/base/context.dart:150:19)
<asynchronous suspension>
#15     FlutterCommandRunner.runCommand (package:flutter_tools/src/runner/flutter_command_runner.dart:236:5)
<asynchronous suspension>
#16     run.<anonymous closure>.<anonymous closure> (package:flutter_tools/runner.dart:62:9)
<asynchronous suspension>
#17     AppContext.run.<anonymous closure> (package:flutter_tools/src/base/context.dart:150:19)
<asynchronous suspension>
#18     main (package:flutter_tools/executable.dart:94:3)
<asynchronous suspension>
```

## flutter doctor

```
[✓] Flutter (Channel stable, 2.8.1, on Microsoft Windows [Version 10.0.19042.1466], locale en-US)
    • Flutter version 2.8.1 at D:\development\flutter
    • Upstream repository https://github.com/flutter/flutter.git
    • Framework revision 77d935af4d (6 weeks ago), 2021-12-16 08:37:33 -0800
    • Engine revision 890a5fca2e
    • Dart version 2.15.1

[!] Android toolchain - develop for Android devices (Android SDK version 31.0.0-rc2)
    • Android SDK at C:\Users\shahe\AppData\Local\Android\sdk
    ✗ cmdline-tools component is missing
      Run `path/to/sdkmanager --install "cmdline-tools;latest"`
      See https://developer.android.com/studio/command-line for more details.
    ✗ Android license status unknown.
      Run `flutter doctor --android-licenses` to accept the SDK licenses.
      See https://flutter.dev/docs/get-started/install/windows#android-setup for more details.

[✓] Chrome - develop for the web
    • Chrome at C:\Program Files\Google\Chrome\Application\chrome.exe

[✓] Android Studio (version 2020.3)
    • Android Studio at C:\Program Files\Android\Android Studio
    • Flutter plugin can be installed from:
      🔨 https://plugins.jetbrains.com/plugin/9212-flutter
    • Dart plugin can be installed from:
      🔨 https://plugins.jetbrains.com/plugin/6351-dart
    • Java version OpenJDK Runtime Environment (build 11.0.10+0-b96-7249189)

[✓] VS Code (version 1.63.2)
    • VS Code at C:\Users\shahe\AppData\Local\Programs\Microsoft VS Code
    • Flutter extension version 3.32.0

[✓] Connected device (3 available)
    • Mi A2 (mobile) • 30e337b • android-arm64  • Android 10 (API 29)
    • Chrome (web)   • chrome  • web-javascript • Google Chrome 96.0.4664.110
    • Edge (web)     • edge    • web-javascript • Microsoft Edge 97.0.1072.62

! Doctor found issues in 1 category.
```
